d:\github\scientificvisualization\smoke\bin\intermediate\debug\fluids.obj
d:\github\scientificvisualization\smoke\bin\debug\smoke.exe
d:\github\scientificvisualization\smoke\bin\debug\smoke.pdb
d:\github\scientificvisualization\smoke\bin\intermediate\debug\config.obj
d:\github\scientificvisualization\smoke\bin\intermediate\debug\executor.obj
d:\github\scientificvisualization\smoke\bin\intermediate\debug\fcr_1.obj
d:\github\scientificvisualization\smoke\bin\intermediate\debug\fcr_10.obj
d:\github\scientificvisualization\smoke\bin\intermediate\debug\fcr_11.obj
d:\github\scientificvisualization\smoke\bin\intermediate\debug\fcr_12.obj
d:\github\scientificvisualization\smoke\bin\intermediate\debug\fcr_128.obj
d:\github\scientificvisualization\smoke\bin\intermediate\debug\fcr_13.obj
d:\github\scientificvisualization\smoke\bin\intermediate\debug\fcr_14.obj
d:\github\scientificvisualization\smoke\bin\intermediate\debug\fcr_15.obj
d:\github\scientificvisualization\smoke\bin\intermediate\debug\fcr_16.obj
d:\github\scientificvisualization\smoke\bin\intermediate\debug\fcr_2.obj
d:\github\scientificvisualization\smoke\bin\intermediate\debug\fcr_3.obj
d:\github\scientificvisualization\smoke\bin\intermediate\debug\fcr_32.obj
d:\github\scientificvisualization\smoke\bin\intermediate\debug\fcr_4.obj
d:\github\scientificvisualization\smoke\bin\intermediate\debug\fcr_5.obj
d:\github\scientificvisualization\smoke\bin\intermediate\debug\fcr_6.obj
d:\github\scientificvisualization\smoke\bin\intermediate\debug\fcr_64.obj
d:\github\scientificvisualization\smoke\bin\intermediate\debug\fcr_7.obj
d:\github\scientificvisualization\smoke\bin\intermediate\debug\fcr_8.obj
d:\github\scientificvisualization\smoke\bin\intermediate\debug\fcr_9.obj
d:\github\scientificvisualization\smoke\bin\intermediate\debug\fftwf77.obj
d:\github\scientificvisualization\smoke\bin\intermediate\debug\fftwnd.obj
d:\github\scientificvisualization\smoke\bin\intermediate\debug\fhb_10.obj
d:\github\scientificvisualization\smoke\bin\intermediate\debug\fhb_16.obj
d:\github\scientificvisualization\smoke\bin\intermediate\debug\fhb_2.obj
d:\github\scientificvisualization\smoke\bin\intermediate\debug\fhb_3.obj
d:\github\scientificvisualization\smoke\bin\intermediate\debug\fhb_32.obj
d:\github\scientificvisualization\smoke\bin\intermediate\debug\fhb_4.obj
d:\github\scientificvisualization\smoke\bin\intermediate\debug\fhb_5.obj
d:\github\scientificvisualization\smoke\bin\intermediate\debug\fhb_6.obj
d:\github\scientificvisualization\smoke\bin\intermediate\debug\fhb_7.obj
d:\github\scientificvisualization\smoke\bin\intermediate\debug\fhb_8.obj
d:\github\scientificvisualization\smoke\bin\intermediate\debug\fhb_9.obj
d:\github\scientificvisualization\smoke\bin\intermediate\debug\fhf_10.obj
d:\github\scientificvisualization\smoke\bin\intermediate\debug\fhf_16.obj
d:\github\scientificvisualization\smoke\bin\intermediate\debug\fhf_2.obj
d:\github\scientificvisualization\smoke\bin\intermediate\debug\fhf_3.obj
d:\github\scientificvisualization\smoke\bin\intermediate\debug\fhf_32.obj
d:\github\scientificvisualization\smoke\bin\intermediate\debug\fhf_4.obj
d:\github\scientificvisualization\smoke\bin\intermediate\debug\fhf_5.obj
d:\github\scientificvisualization\smoke\bin\intermediate\debug\fhf_6.obj
d:\github\scientificvisualization\smoke\bin\intermediate\debug\fhf_7.obj
d:\github\scientificvisualization\smoke\bin\intermediate\debug\fhf_8.obj
d:\github\scientificvisualization\smoke\bin\intermediate\debug\fhf_9.obj
d:\github\scientificvisualization\smoke\bin\intermediate\debug\fni_1.obj
d:\github\scientificvisualization\smoke\bin\intermediate\debug\fni_10.obj
d:\github\scientificvisualization\smoke\bin\intermediate\debug\fni_11.obj
d:\github\scientificvisualization\smoke\bin\intermediate\debug\fni_12.obj
d:\github\scientificvisualization\smoke\bin\intermediate\debug\fni_13.obj
d:\github\scientificvisualization\smoke\bin\intermediate\debug\fni_14.obj
d:\github\scientificvisualization\smoke\bin\intermediate\debug\fni_15.obj
d:\github\scientificvisualization\smoke\bin\intermediate\debug\fni_16.obj
d:\github\scientificvisualization\smoke\bin\intermediate\debug\fni_2.obj
d:\github\scientificvisualization\smoke\bin\intermediate\debug\fni_3.obj
d:\github\scientificvisualization\smoke\bin\intermediate\debug\fni_32.obj
d:\github\scientificvisualization\smoke\bin\intermediate\debug\fni_4.obj
d:\github\scientificvisualization\smoke\bin\intermediate\debug\fni_5.obj
d:\github\scientificvisualization\smoke\bin\intermediate\debug\fni_6.obj
d:\github\scientificvisualization\smoke\bin\intermediate\debug\fni_64.obj
d:\github\scientificvisualization\smoke\bin\intermediate\debug\fni_7.obj
d:\github\scientificvisualization\smoke\bin\intermediate\debug\fni_8.obj
d:\github\scientificvisualization\smoke\bin\intermediate\debug\fni_9.obj
d:\github\scientificvisualization\smoke\bin\intermediate\debug\fn_1.obj
d:\github\scientificvisualization\smoke\bin\intermediate\debug\fn_10.obj
d:\github\scientificvisualization\smoke\bin\intermediate\debug\fn_11.obj
d:\github\scientificvisualization\smoke\bin\intermediate\debug\fn_12.obj
d:\github\scientificvisualization\smoke\bin\intermediate\debug\fn_13.obj
d:\github\scientificvisualization\smoke\bin\intermediate\debug\fn_14.obj
d:\github\scientificvisualization\smoke\bin\intermediate\debug\fn_15.obj
d:\github\scientificvisualization\smoke\bin\intermediate\debug\fn_16.obj
d:\github\scientificvisualization\smoke\bin\intermediate\debug\fn_2.obj
d:\github\scientificvisualization\smoke\bin\intermediate\debug\fn_3.obj
d:\github\scientificvisualization\smoke\bin\intermediate\debug\fn_32.obj
d:\github\scientificvisualization\smoke\bin\intermediate\debug\fn_4.obj
d:\github\scientificvisualization\smoke\bin\intermediate\debug\fn_5.obj
d:\github\scientificvisualization\smoke\bin\intermediate\debug\fn_6.obj
d:\github\scientificvisualization\smoke\bin\intermediate\debug\fn_64.obj
d:\github\scientificvisualization\smoke\bin\intermediate\debug\fn_7.obj
d:\github\scientificvisualization\smoke\bin\intermediate\debug\fn_8.obj
d:\github\scientificvisualization\smoke\bin\intermediate\debug\fn_9.obj
d:\github\scientificvisualization\smoke\bin\intermediate\debug\frc_1.obj
d:\github\scientificvisualization\smoke\bin\intermediate\debug\frc_10.obj
d:\github\scientificvisualization\smoke\bin\intermediate\debug\frc_11.obj
d:\github\scientificvisualization\smoke\bin\intermediate\debug\frc_12.obj
d:\github\scientificvisualization\smoke\bin\intermediate\debug\frc_128.obj
d:\github\scientificvisualization\smoke\bin\intermediate\debug\frc_13.obj
d:\github\scientificvisualization\smoke\bin\intermediate\debug\frc_14.obj
d:\github\scientificvisualization\smoke\bin\intermediate\debug\frc_15.obj
d:\github\scientificvisualization\smoke\bin\intermediate\debug\frc_16.obj
d:\github\scientificvisualization\smoke\bin\intermediate\debug\frc_2.obj
d:\github\scientificvisualization\smoke\bin\intermediate\debug\frc_3.obj
d:\github\scientificvisualization\smoke\bin\intermediate\debug\frc_32.obj
d:\github\scientificvisualization\smoke\bin\intermediate\debug\frc_4.obj
d:\github\scientificvisualization\smoke\bin\intermediate\debug\frc_5.obj
d:\github\scientificvisualization\smoke\bin\intermediate\debug\frc_6.obj
d:\github\scientificvisualization\smoke\bin\intermediate\debug\frc_64.obj
d:\github\scientificvisualization\smoke\bin\intermediate\debug\frc_7.obj
d:\github\scientificvisualization\smoke\bin\intermediate\debug\frc_8.obj
d:\github\scientificvisualization\smoke\bin\intermediate\debug\frc_9.obj
d:\github\scientificvisualization\smoke\bin\intermediate\debug\ftwi_10.obj
d:\github\scientificvisualization\smoke\bin\intermediate\debug\ftwi_16.obj
d:\github\scientificvisualization\smoke\bin\intermediate\debug\ftwi_2.obj
d:\github\scientificvisualization\smoke\bin\intermediate\debug\ftwi_3.obj
d:\github\scientificvisualization\smoke\bin\intermediate\debug\ftwi_32.obj
d:\github\scientificvisualization\smoke\bin\intermediate\debug\ftwi_4.obj
d:\github\scientificvisualization\smoke\bin\intermediate\debug\ftwi_5.obj
d:\github\scientificvisualization\smoke\bin\intermediate\debug\ftwi_6.obj
d:\github\scientificvisualization\smoke\bin\intermediate\debug\ftwi_64.obj
d:\github\scientificvisualization\smoke\bin\intermediate\debug\ftwi_7.obj
d:\github\scientificvisualization\smoke\bin\intermediate\debug\ftwi_8.obj
d:\github\scientificvisualization\smoke\bin\intermediate\debug\ftwi_9.obj
d:\github\scientificvisualization\smoke\bin\intermediate\debug\ftw_10.obj
d:\github\scientificvisualization\smoke\bin\intermediate\debug\ftw_16.obj
d:\github\scientificvisualization\smoke\bin\intermediate\debug\ftw_2.obj
d:\github\scientificvisualization\smoke\bin\intermediate\debug\ftw_3.obj
d:\github\scientificvisualization\smoke\bin\intermediate\debug\ftw_32.obj
d:\github\scientificvisualization\smoke\bin\intermediate\debug\ftw_4.obj
d:\github\scientificvisualization\smoke\bin\intermediate\debug\ftw_5.obj
d:\github\scientificvisualization\smoke\bin\intermediate\debug\ftw_6.obj
d:\github\scientificvisualization\smoke\bin\intermediate\debug\ftw_64.obj
d:\github\scientificvisualization\smoke\bin\intermediate\debug\ftw_7.obj
d:\github\scientificvisualization\smoke\bin\intermediate\debug\ftw_8.obj
d:\github\scientificvisualization\smoke\bin\intermediate\debug\ftw_9.obj
d:\github\scientificvisualization\smoke\bin\intermediate\debug\generic.obj
d:\github\scientificvisualization\smoke\bin\intermediate\debug\malloc.obj
d:\github\scientificvisualization\smoke\bin\intermediate\debug\planner.obj
d:\github\scientificvisualization\smoke\bin\intermediate\debug\putils.obj
d:\github\scientificvisualization\smoke\bin\intermediate\debug\rader.obj
d:\github\scientificvisualization\smoke\bin\intermediate\debug\rconfig.obj
d:\github\scientificvisualization\smoke\bin\intermediate\debug\rexec.obj
d:\github\scientificvisualization\smoke\bin\intermediate\debug\rexec2.obj
d:\github\scientificvisualization\smoke\bin\intermediate\debug\rfftwf77.obj
d:\github\scientificvisualization\smoke\bin\intermediate\debug\rfftwnd.obj
d:\github\scientificvisualization\smoke\bin\intermediate\debug\rgeneric.obj
d:\github\scientificvisualization\smoke\bin\intermediate\debug\rplanner.obj
d:\github\scientificvisualization\smoke\bin\intermediate\debug\timer.obj
d:\github\scientificvisualization\smoke\bin\intermediate\debug\twiddle.obj
d:\github\scientificvisualization\smoke\bin\intermediate\debug\wisdom.obj
d:\github\scientificvisualization\smoke\bin\intermediate\debug\wisdomio.obj
d:\github\scientificvisualization\smoke\bin\intermediate\debug\fftw.idb
d:\github\scientificvisualization\smoke\bin\intermediate\debug\fftw.pdb
d:\github\scientificvisualization\smoke\bin\intermediate\debug\smoke.tlog\cl.command.1.tlog
d:\github\scientificvisualization\smoke\bin\intermediate\debug\smoke.tlog\cl.read.1.tlog
d:\github\scientificvisualization\smoke\bin\intermediate\debug\smoke.tlog\cl.write.1.tlog
d:\github\scientificvisualization\smoke\bin\intermediate\debug\smoke.tlog\link.command.1.tlog
d:\github\scientificvisualization\smoke\bin\intermediate\debug\smoke.tlog\link.read.1.tlog
d:\github\scientificvisualization\smoke\bin\intermediate\debug\smoke.tlog\link.write.1.tlog
